<?xml version="1.0" encoding="UTF-8" ?>
<testsuites errors="0"
            failures="1"
            tests="1">

  <testsuite name="kunde.Liniendiagramm"
    errors="0" failures="1" hostname="" id="" package="kunde" skipped="0"
    tests="1" time="15.77" timestamp="">
  
    <testcase name="Liniendiagramm anzeigen" classname="kunde.Liniendiagramm" time="15.77" assertions="9">

    

    

    

    

    

    

    

      <failure message="Expected element &lt;Element [name=@liniendiagramm]&gt; to be visible - element was not found - expected [0;32m&#34;visible&#34;[0m but got: [0;31m&#34;not found&#34;[0m">    at Page.element [as check] (C:\Users\caner\Desktop\Abgabe2\kunde\test\kunde\pages/liniendiagrammPage.js:8:17)
    at Object.check [as Liniendiagramm anzeigen] (C:\Users\caner\Desktop\Abgabe2\kunde\test\kunde/Liniendiagramm.js:31:35)</failure>

    <failure message="    at Page.element [as check] (C:\Users\caner\Desktop\Abgabe2\kunde\test\kunde\pages/liniendiagrammPage.js:8:17)">    at Object.check [as Liniendiagramm anzeigen] (C:\Users\caner\Desktop\Abgabe2\kunde\test\kunde/Liniendiagramm.js:31:35)</failure>
    </testcase>
  

  

  
  </testsuite>
</testsuites>
