<?xml version="1.0" encoding="UTF-8" ?>
<testsuites errors="0"
            failures="1"
            tests="1">

  <testsuite name="kunde.Suche"
    errors="0" failures="1" hostname="" id="" package="kunde" skipped="1"
    tests="1" time="8.231" timestamp="">
  
    <testcase name="Suche alle Kunden" classname="kunde.Suche" time="8.231" assertions="5">

    

    

    

      <failure message="Expected element &lt;Element [name=@logoutButton]&gt; text to contain: &#34;Logout&#34; - element was not found - expected [0;32m&#34;present&#34;[0m but got: [0;31m&#34;not present&#34;[0m">    at Page.element [as checkLogin] (C:\Users\aa\Documents\GitHub\Abgabe-2\test\auth\pages/authPage.js:27:12)
    at Object.checkLogin [as Suche alle Kunden] (C:\Users\aa\Documents\GitHub\Abgabe-2\test\kunde/Suche.js:21:14)</failure>

    <failure message="    at Page.element [as checkLogin] (C:\Users\aa\Documents\GitHub\Abgabe-2\test\auth\pages/authPage.js:27:12)">    at Object.checkLogin [as Suche alle Kunden] (C:\Users\aa\Documents\GitHub\Abgabe-2\test\kunde/Suche.js:21:14)</failure>
    </testcase>
  

  

  
    
    <testcase
      name="Suche Kunden mit &#34;De&#34; im Nachname" classname="kunde.Suche">
      <skipped />
    </testcase>
    
  
  </testsuite>
</testsuites>
